c:\users\alumne\desktop\infografica\informatica_grafica_2018\glframework_starthere\x64\release\int\vc141.pdb
c:\users\alumne\desktop\infografica\informatica_grafica_2018\glframework_starthere\x64\release\int\render_prims.obj
c:\users\alumne\desktop\infografica\informatica_grafica_2018\glframework_starthere\x64\release\int\render.obj
c:\users\alumne\desktop\infografica\informatica_grafica_2018\glframework_starthere\x64\release\int\physics.obj
c:\users\alumne\desktop\infografica\informatica_grafica_2018\glframework_starthere\x64\release\int\my_render_code.obj
c:\users\alumne\desktop\infografica\informatica_grafica_2018\glframework_starthere\x64\release\int\main.obj
c:\users\alumne\desktop\infografica\informatica_grafica_2018\glframework_starthere\x64\release\int\imgui_impl_sdl_gl3.obj
c:\users\alumne\desktop\infografica\informatica_grafica_2018\glframework_starthere\x64\release\int\imgui_draw.obj
c:\users\alumne\desktop\infografica\informatica_grafica_2018\glframework_starthere\x64\release\int\imgui_demo.obj
c:\users\alumne\desktop\infografica\informatica_grafica_2018\glframework_starthere\x64\release\int\imgui.obj
c:\users\alumne\desktop\infografica\informatica_grafica_2018\glframework_geometryshader\x64\release\int\vc141.pdb
c:\users\alumne\desktop\infografica\informatica_grafica_2018\glframework_geometryshader\x64\release\int\render_prims.obj
c:\users\alumne\desktop\infografica\informatica_grafica_2018\glframework_geometryshader\x64\release\int\render.obj
c:\users\alumne\desktop\infografica\informatica_grafica_2018\glframework_geometryshader\x64\release\int\physics.obj
c:\users\alumne\desktop\infografica\informatica_grafica_2018\glframework_geometryshader\x64\release\int\my_render_code.obj
c:\users\alumne\desktop\infografica\informatica_grafica_2018\glframework_geometryshader\x64\release\int\main.obj
c:\users\alumne\desktop\infografica\informatica_grafica_2018\glframework_geometryshader\x64\release\int\imgui_impl_sdl_gl3.obj
c:\users\alumne\desktop\infografica\informatica_grafica_2018\glframework_geometryshader\x64\release\int\imgui_draw.obj
c:\users\alumne\desktop\infografica\informatica_grafica_2018\glframework_geometryshader\x64\release\int\imgui_demo.obj
c:\users\alumne\desktop\infografica\informatica_grafica_2018\glframework_geometryshader\x64\release\int\imgui.obj
c:\users\alumne\desktop\infografica\informatica_grafica_2018\glframework_starthere\x64\release\gl_framework.lib
c:\users\alumne\desktop\infografica\informatica_grafica_2018\glframework_starthere\x64\release\gl_framework.exp
c:\users\alumne\desktop\infografica\informatica_grafica_2018\glframework_starthere\x64\release\gl_framework.ipdb
c:\users\alumne\desktop\infografica\informatica_grafica_2018\glframework_starthere\x64\release\gl_framework.iobj
c:\users\alumne\desktop\infografica\informatica_grafica_2018\glframework_geometryshader\x64\release\gl_framework.lib
c:\users\alumne\desktop\infografica\informatica_grafica_2018\glframework_geometryshader\x64\release\gl_framework.exp
c:\users\alumne\desktop\infografica\informatica_grafica_2018\glframework_geometryshader\x64\release\gl_framework.ipdb
c:\users\alumne\desktop\infografica\informatica_grafica_2018\glframework_geometryshader\x64\release\gl_framework.iobj
c:\users\alumne\desktop\infografica\informatica_grafica_2018\glframework_starthere\x64\release\gl_framework.exe
c:\users\alumne\desktop\infografica\informatica_grafica_2018\glframework_starthere\x64\release\gl_framework.pdb
c:\users\alumne\desktop\infografica\informatica_grafica_2018\glframework_geometryshader\x64\release\gl_framework.exe
c:\users\alumne\desktop\infografica\informatica_grafica_2018\glframework_geometryshader\x64\release\gl_framework.pdb
c:\users\alumne\desktop\infografica\informatica_grafica_2018\glframework_geometryshader\x64\release\int\gl_framework.tlog\cl.command.1.tlog
c:\users\alumne\desktop\infografica\informatica_grafica_2018\glframework_geometryshader\x64\release\int\gl_framework.tlog\cl.read.1.tlog
c:\users\alumne\desktop\infografica\informatica_grafica_2018\glframework_geometryshader\x64\release\int\gl_framework.tlog\cl.write.1.tlog
c:\users\alumne\desktop\infografica\informatica_grafica_2018\glframework_geometryshader\x64\release\int\gl_framework.tlog\gl_framework.write.1u.tlog
c:\users\alumne\desktop\infografica\informatica_grafica_2018\glframework_geometryshader\x64\release\int\gl_framework.tlog\link.command.1.tlog
c:\users\alumne\desktop\infografica\informatica_grafica_2018\glframework_geometryshader\x64\release\int\gl_framework.tlog\link.read.1.tlog
c:\users\alumne\desktop\infografica\informatica_grafica_2018\glframework_geometryshader\x64\release\int\gl_framework.tlog\link.write.1.tlog
